[debug] [2026-05-30T17:23:47.349Z] ----------------------------------------------------------------------
[debug] [2026-05-30T17:23:47.352Z] Command:       C:\Program Files\nodejs\node.exe C:\Users\UaTob\AppData\Roaming\npm\node_modules\firebase-tools\lib\bin\firebase.js deploy --only functions:awardReward
[debug] [2026-05-30T17:23:47.352Z] CLI Version:   15.15.0
[debug] [2026-05-30T17:23:47.352Z] Platform:      win32
[debug] [2026-05-30T17:23:47.352Z] Node Version:  v24.14.0
[debug] [2026-05-30T17:23:47.352Z] Time:          Sat May 30 2026 13:23:47 GMT-0400 (Eastern Daylight Time)
[debug] [2026-05-30T17:23:47.353Z] ----------------------------------------------------------------------
[debug] 
[debug] [2026-05-30T17:23:49.200Z] > command requires scopes: ["email","openid","https://www.googleapis.com/auth/cloudplatformprojects.readonly","https://www.googleapis.com/auth/firebase","https://www.googleapis.com/auth/cloud-platform"]
[debug] [2026-05-30T17:23:49.200Z] > authorizing via signed-in user (support@calltelo.com)
[debug] [2026-05-30T17:23:49.200Z] [iam] checking project uatob-e7b4b for permissions ["cloudfunctions.functions.create","cloudfunctions.functions.delete","cloudfunctions.functions.get","cloudfunctions.functions.list","cloudfunctions.functions.update","cloudfunctions.operations.get","firebase.projects.get"]
[debug] [2026-05-30T17:23:49.202Z] Checked if tokens are valid: false, expires at: 1780151947247
[debug] [2026-05-30T17:23:49.202Z] Checked if tokens are valid: false, expires at: 1780151947247
[debug] [2026-05-30T17:23:49.202Z] > refreshing access token with scopes: []
[debug] [2026-05-30T17:23:49.205Z] >>> [apiv2][query] POST https://www.googleapis.com/oauth2/v3/token [none]
[debug] [2026-05-30T17:23:49.205Z] >>> [apiv2][body] POST https://www.googleapis.com/oauth2/v3/token [omitted]
[debug] [2026-05-30T17:23:49.464Z] <<< [apiv2][status] POST https://www.googleapis.com/oauth2/v3/token 200
[debug] [2026-05-30T17:23:49.464Z] <<< [apiv2][body] POST https://www.googleapis.com/oauth2/v3/token [omitted]
[debug] [2026-05-30T17:23:49.478Z] >>> [apiv2][query] POST https://cloudresourcemanager.googleapis.com/v1/projects/uatob-e7b4b:testIamPermissions [none]
[debug] [2026-05-30T17:23:49.478Z] >>> [apiv2][(partial)header] POST https://cloudresourcemanager.googleapis.com/v1/projects/uatob-e7b4b:testIamPermissions  x-goog-user-project=uatob-e7b4b
[debug] [2026-05-30T17:23:49.478Z] >>> [apiv2][body] POST https://cloudresourcemanager.googleapis.com/v1/projects/uatob-e7b4b:testIamPermissions {"permissions":["cloudfunctions.functions.create","cloudfunctions.functions.delete","cloudfunctions.functions.get","cloudfunctions.functions.list","cloudfunctions.functions.update","cloudfunctions.operations.get","firebase.projects.get"]}
[debug] [2026-05-30T17:23:49.667Z] <<< [apiv2][status] POST https://cloudresourcemanager.googleapis.com/v1/projects/uatob-e7b4b:testIamPermissions 200
[debug] [2026-05-30T17:23:49.667Z] <<< [apiv2][body] POST https://cloudresourcemanager.googleapis.com/v1/projects/uatob-e7b4b:testIamPermissions {"permissions":["cloudfunctions.functions.create","cloudfunctions.functions.delete","cloudfunctions.functions.get","cloudfunctions.functions.list","cloudfunctions.functions.update","cloudfunctions.operations.get","firebase.projects.get"]}
[debug] [2026-05-30T17:23:49.667Z] Checked if tokens are valid: true, expires at: 1780165428464
[debug] [2026-05-30T17:23:49.667Z] Checked if tokens are valid: true, expires at: 1780165428464
[debug] [2026-05-30T17:23:49.668Z] >>> [apiv2][query] POST https://iam.googleapis.com/v1/projects/uatob-e7b4b/serviceAccounts/uatob-e7b4b@appspot.gserviceaccount.com:testIamPermissions [none]
[debug] [2026-05-30T17:23:49.668Z] >>> [apiv2][body] POST https://iam.googleapis.com/v1/projects/uatob-e7b4b/serviceAccounts/uatob-e7b4b@appspot.gserviceaccount.com:testIamPermissions {"permissions":["iam.serviceAccounts.actAs"]}
[debug] [2026-05-30T17:23:49.928Z] <<< [apiv2][status] POST https://iam.googleapis.com/v1/projects/uatob-e7b4b/serviceAccounts/uatob-e7b4b@appspot.gserviceaccount.com:testIamPermissions 200
[debug] [2026-05-30T17:23:49.928Z] <<< [apiv2][body] POST https://iam.googleapis.com/v1/projects/uatob-e7b4b/serviceAccounts/uatob-e7b4b@appspot.gserviceaccount.com:testIamPermissions {"permissions":["iam.serviceAccounts.actAs"]}
[info] 
[info] === Deploying to 'uatob-e7b4b'...
[info] 
[info] i  deploying functions 
[debug] [2026-05-30T17:23:49.933Z] Checked if tokens are valid: true, expires at: 1780165428464
[debug] [2026-05-30T17:23:49.933Z] Checked if tokens are valid: true, expires at: 1780165428464
[debug] [2026-05-30T17:23:49.934Z] >>> [apiv2][query] GET https://cloudresourcemanager.googleapis.com/v1/projects/uatob-e7b4b [none]
[debug] [2026-05-30T17:23:50.024Z] <<< [apiv2][status] GET https://cloudresourcemanager.googleapis.com/v1/projects/uatob-e7b4b 200
[debug] [2026-05-30T17:23:50.024Z] <<< [apiv2][body] GET https://cloudresourcemanager.googleapis.com/v1/projects/uatob-e7b4b {"projectNumber":"714931905484","projectId":"uatob-e7b4b","lifecycleState":"ACTIVE","name":"Uatob","labels":{"firebase":"enabled","firebase-core":"disabled"},"createTime":"2026-03-29T14:39:16.148Z"}
[info] i  functions: preparing codebase default for deployment 
[info] i  functions: ensuring required API cloudfunctions.googleapis.com is enabled... 
[info] i  functions: ensuring required API cloudbuild.googleapis.com is enabled... 
[info] i  artifactregistry: ensuring required API artifactregistry.googleapis.com is enabled... 
[debug] [2026-05-30T17:23:50.027Z] Checked if tokens are valid: true, expires at: 1780165428464
[debug] [2026-05-30T17:23:50.027Z] Checked if tokens are valid: true, expires at: 1780165428464
[debug] [2026-05-30T17:23:50.027Z] >>> [apiv2][query] GET https://firebase.googleapis.com/v1beta1/projects/uatob-e7b4b/adminSdkConfig [none]
[debug] [2026-05-30T17:23:50.323Z] <<< [apiv2][status] GET https://firebase.googleapis.com/v1beta1/projects/uatob-e7b4b/adminSdkConfig 200
[debug] [2026-05-30T17:23:50.324Z] <<< [apiv2][body] GET https://firebase.googleapis.com/v1beta1/projects/uatob-e7b4b/adminSdkConfig {"projectId":"uatob-e7b4b","storageBucket":"uatob-e7b4b.firebasestorage.app"}
[debug] [2026-05-30T17:23:50.325Z] Validating nodejs source
[warn] !  functions: Couldn't find firebase-functions package in your source code. Have you run 'npm install'? 
[debug] [2026-05-30T17:23:50.328Z] getFunctionsSDKVersion encountered error: Cannot find module 'firebase-functions'
Require stack:
- C:\Users\UaTob\AppData\Roaming\npm\node_modules\firebase-tools\lib\deploy\functions\runtimes\node\versioning.js
- C:\Users\UaTob\AppData\Roaming\npm\node_modules\firebase-tools\lib\deploy\functions\runtimes\node\index.js
- C:\Users\UaTob\AppData\Roaming\npm\node_modules\firebase-tools\lib\deploy\functions\runtimes\index.js
- C:\Users\UaTob\AppData\Roaming\npm\node_modules\firebase-tools\lib\deploy\functions\prepare.js
- C:\Users\UaTob\AppData\Roaming\npm\node_modules\firebase-tools\lib\emulator\functionsEmulatorShared.js
- C:\Users\UaTob\AppData\Roaming\npm\node_modules\firebase-tools\lib\frameworks\index.js
- C:\Users\UaTob\AppData\Roaming\npm\node_modules\firebase-tools\lib\deploy\hosting\prepare.js
- C:\Users\UaTob\AppData\Roaming\npm\node_modules\firebase-tools\lib\deploy\hosting\index.js
- C:\Users\UaTob\AppData\Roaming\npm\node_modules\firebase-tools\lib\deploy\index.js
- C:\Users\UaTob\AppData\Roaming\npm\node_modules\firebase-tools\lib\commands\deploy.js
- C:\Users\UaTob\AppData\Roaming\npm\node_modules\firebase-tools\lib\commands\index.js
- C:\Users\UaTob\AppData\Roaming\npm\node_modules\firebase-tools\lib\index.js
- C:\Users\UaTob\AppData\Roaming\npm\node_modules\firebase-tools\lib\bin\cli.js
- C:\Users\UaTob\AppData\Roaming\npm\node_modules\firebase-tools\lib\bin\firebase.js {"code":"MODULE_NOT_FOUND","requireStack":["C:\\Users\\UaTob\\AppData\\Roaming\\npm\\node_modules\\firebase-tools\\lib\\deploy\\functions\\runtimes\\node\\versioning.js","C:\\Users\\UaTob\\AppData\\Roaming\\npm\\node_modules\\firebase-tools\\lib\\deploy\\functions\\runtimes\\node\\index.js","C:\\Users\\UaTob\\AppData\\Roaming\\npm\\node_modules\\firebase-tools\\lib\\deploy\\functions\\runtimes\\index.js","C:\\Users\\UaTob\\AppData\\Roaming\\npm\\node_modules\\firebase-tools\\lib\\deploy\\functions\\prepare.js","C:\\Users\\UaTob\\AppData\\Roaming\\npm\\node_modules\\firebase-tools\\lib\\emulator\\functionsEmulatorShared.js","C:\\Users\\UaTob\\AppData\\Roaming\\npm\\node_modules\\firebase-tools\\lib\\frameworks\\index.js","C:\\Users\\UaTob\\AppData\\Roaming\\npm\\node_modules\\firebase-tools\\lib\\deploy\\hosting\\prepare.js","C:\\Users\\UaTob\\AppData\\Roaming\\npm\\node_modules\\firebase-tools\\lib\\deploy\\hosting\\index.js","C:\\Users\\UaTob\\AppData\\Roaming\\npm\\node_modules\\firebase-tools\\lib\\deploy\\index.js","C:\\Users\\UaTob\\AppData\\Roaming\\npm\\node_modules\\firebase-tools\\lib\\commands\\deploy.js","C:\\Users\\UaTob\\AppData\\Roaming\\npm\\node_modules\\firebase-tools\\lib\\commands\\index.js","C:\\Users\\UaTob\\AppData\\Roaming\\npm\\node_modules\\firebase-tools\\lib\\index.js","C:\\Users\\UaTob\\AppData\\Roaming\\npm\\node_modules\\firebase-tools\\lib\\bin\\cli.js","C:\\Users\\UaTob\\AppData\\Roaming\\npm\\node_modules\\firebase-tools\\lib\\bin\\firebase.js"]}
[debug] [2026-05-30T17:23:50.329Z] checkFunctionsSDKVersion encountered error: Invalid Version:  {}
[debug] [2026-05-30T17:23:50.330Z] > [functions] package.json contents: {
  "name": "functions",
  "description": "Cloud Functions for Firebase",
  "scripts": {
    "serve": "firebase emulators:start --only functions",
    "shell": "firebase functions:shell",
    "start": "npm run shell",
    "deploy": "firebase deploy --only functions",
    "logs": "firebase functions:log"
  },
  "engines": {
    "node": "22"
  },
  "main": "index.js",
  "dependencies": {
    "@sendgrid/mail": "^8.1.6",
    "axios": "^1.14.0",
    "cors": "^2.8.6",
    "firebase-admin": "^10.3.0",
    "firebase-functions": "^4.9.0",
    "i": "^0.3.7",
    "stripe": "^12.18.0"
  },
  "devDependencies": {
    "firebase-functions-test": "^3.4.1"
  },
  "private": true
}
[debug] [2026-05-30T17:23:50.330Z] Building nodejs source
[info] i  functions: Loading and analyzing source code for codebase default to determine what to deploy 
[debug] [2026-05-30T17:23:50.331Z] Could not parse firebase-functions version '' into semver.
[debug] [2026-05-30T17:23:50.331Z] Could not find functions.yaml. Must use http discovery
[debug] [2026-05-30T17:23:50.456Z] Error: Cannot find module 'firebase-functions'
Require stack:
- C:\Users\UaTob\AppData\Roaming\npm\node_modules\firebase-tools\lib\deploy\functions\runtimes\node\index.js
- C:\Users\UaTob\AppData\Roaming\npm\node_modules\firebase-tools\lib\deploy\functions\runtimes\index.js
- C:\Users\UaTob\AppData\Roaming\npm\node_modules\firebase-tools\lib\deploy\functions\prepare.js
- C:\Users\UaTob\AppData\Roaming\npm\node_modules\firebase-tools\lib\emulator\functionsEmulatorShared.js
- C:\Users\UaTob\AppData\Roaming\npm\node_modules\firebase-tools\lib\frameworks\index.js
- C:\Users\UaTob\AppData\Roaming\npm\node_modules\firebase-tools\lib\deploy\hosting\prepare.js
- C:\Users\UaTob\AppData\Roaming\npm\node_modules\firebase-tools\lib\deploy\hosting\index.js
- C:\Users\UaTob\AppData\Roaming\npm\node_modules\firebase-tools\lib\deploy\index.js
- C:\Users\UaTob\AppData\Roaming\npm\node_modules\firebase-tools\lib\commands\deploy.js
- C:\Users\UaTob\AppData\Roaming\npm\node_modules\firebase-tools\lib\commands\index.js
- C:\Users\UaTob\AppData\Roaming\npm\node_modules\firebase-tools\lib\index.js
- C:\Users\UaTob\AppData\Roaming\npm\node_modules\firebase-tools\lib\bin\cli.js
- C:\Users\UaTob\AppData\Roaming\npm\node_modules\firebase-tools\lib\bin\firebase.js
    at Module._resolveFilename (node:internal/modules/cjs/loader:1456:15)
    at require.resolve (node:internal/modules/helpers:163:19)
    at Delegate.findFunctionsBinary (C:\Users\UaTob\AppData\Roaming\npm\node_modules\firebase-tools\lib\deploy\functions\runtimes\node\index.js:101:33)
    at Delegate.spawnFunctionsProcess (C:\Users\UaTob\AppData\Roaming\npm\node_modules\firebase-tools\lib\deploy\functions\runtimes\node\index.js:131:30)
    at Delegate.serveAdmin (C:\Users\UaTob\AppData\Roaming\npm\node_modules\firebase-tools\lib\deploy\functions\runtimes\node\index.js:152:35)
    at Delegate.discoverBuild (C:\Users\UaTob\AppData\Roaming\npm\node_modules\firebase-tools\lib\deploy\functions\runtimes\node\index.js:192:41)
    at process.processTicksAndRejections (node:internal/process/task_queues:104:5)
    at async loadCodebases (C:\Users\UaTob\AppData\Roaming\npm\node_modules\firebase-tools\lib\deploy\functions\prepare.js:380:33)
    at async prepare (C:\Users\UaTob\AppData\Roaming\npm\node_modules\firebase-tools\lib\deploy\functions\prepare.js:73:24)
    at async chain (C:\Users\UaTob\AppData\Roaming\npm\node_modules\firebase-tools\lib\deploy\index.js:45:9)
[error] 
[error] Error: An unexpected error has occurred.
[debug] [2026-05-30T17:24:45.171Z] ----------------------------------------------------------------------
[debug] [2026-05-30T17:24:45.175Z] Command:       C:\Program Files\nodejs\node.exe C:\Users\UaTob\AppData\Roaming\npm\node_modules\firebase-tools\lib\bin\firebase.js deploy --only functions:awardReward
[debug] [2026-05-30T17:24:45.175Z] CLI Version:   15.15.0
[debug] [2026-05-30T17:24:45.176Z] Platform:      win32
[debug] [2026-05-30T17:24:45.176Z] Node Version:  v24.14.0
[debug] [2026-05-30T17:24:45.176Z] Time:          Sat May 30 2026 13:24:45 GMT-0400 (Eastern Daylight Time)
[debug] [2026-05-30T17:24:45.176Z] ----------------------------------------------------------------------
[debug] 
[debug] [2026-05-30T17:24:46.882Z] > command requires scopes: ["email","openid","https://www.googleapis.com/auth/cloudplatformprojects.readonly","https://www.googleapis.com/auth/firebase","https://www.googleapis.com/auth/cloud-platform"]
[debug] [2026-05-30T17:24:46.883Z] > authorizing via signed-in user (support@calltelo.com)
[debug] [2026-05-30T17:24:46.883Z] [iam] checking project uatob-e7b4b for permissions ["cloudfunctions.functions.create","cloudfunctions.functions.delete","cloudfunctions.functions.get","cloudfunctions.functions.list","cloudfunctions.functions.update","cloudfunctions.operations.get","firebase.projects.get"]
[debug] [2026-05-30T17:24:46.884Z] Checked if tokens are valid: true, expires at: 1780165428464
[debug] [2026-05-30T17:24:46.884Z] Checked if tokens are valid: true, expires at: 1780165428464
[debug] [2026-05-30T17:24:46.885Z] >>> [apiv2][query] POST https://cloudresourcemanager.googleapis.com/v1/projects/uatob-e7b4b:testIamPermissions [none]
[debug] [2026-05-30T17:24:46.885Z] >>> [apiv2][(partial)header] POST https://cloudresourcemanager.googleapis.com/v1/projects/uatob-e7b4b:testIamPermissions  x-goog-user-project=uatob-e7b4b
[debug] [2026-05-30T17:24:46.885Z] >>> [apiv2][body] POST https://cloudresourcemanager.googleapis.com/v1/projects/uatob-e7b4b:testIamPermissions {"permissions":["cloudfunctions.functions.create","cloudfunctions.functions.delete","cloudfunctions.functions.get","cloudfunctions.functions.list","cloudfunctions.functions.update","cloudfunctions.operations.get","firebase.projects.get"]}
[debug] [2026-05-30T17:24:47.081Z] <<< [apiv2][status] POST https://cloudresourcemanager.googleapis.com/v1/projects/uatob-e7b4b:testIamPermissions 200
[debug] [2026-05-30T17:24:47.081Z] <<< [apiv2][body] POST https://cloudresourcemanager.googleapis.com/v1/projects/uatob-e7b4b:testIamPermissions {"permissions":["cloudfunctions.functions.create","cloudfunctions.functions.delete","cloudfunctions.functions.get","cloudfunctions.functions.list","cloudfunctions.functions.update","cloudfunctions.operations.get","firebase.projects.get"]}
[debug] [2026-05-30T17:24:47.082Z] Checked if tokens are valid: true, expires at: 1780165428464
[debug] [2026-05-30T17:24:47.082Z] Checked if tokens are valid: true, expires at: 1780165428464
[debug] [2026-05-30T17:24:47.082Z] >>> [apiv2][query] POST https://iam.googleapis.com/v1/projects/uatob-e7b4b/serviceAccounts/uatob-e7b4b@appspot.gserviceaccount.com:testIamPermissions [none]
[debug] [2026-05-30T17:24:47.082Z] >>> [apiv2][body] POST https://iam.googleapis.com/v1/projects/uatob-e7b4b/serviceAccounts/uatob-e7b4b@appspot.gserviceaccount.com:testIamPermissions {"permissions":["iam.serviceAccounts.actAs"]}
[debug] [2026-05-30T17:24:47.264Z] <<< [apiv2][status] POST https://iam.googleapis.com/v1/projects/uatob-e7b4b/serviceAccounts/uatob-e7b4b@appspot.gserviceaccount.com:testIamPermissions 200
[debug] [2026-05-30T17:24:47.264Z] <<< [apiv2][body] POST https://iam.googleapis.com/v1/projects/uatob-e7b4b/serviceAccounts/uatob-e7b4b@appspot.gserviceaccount.com:testIamPermissions {"permissions":["iam.serviceAccounts.actAs"]}
[info] 
[info] === Deploying to 'uatob-e7b4b'...
[info] 
[info] i  deploying functions 
[debug] [2026-05-30T17:24:47.278Z] Checked if tokens are valid: true, expires at: 1780165428464
[debug] [2026-05-30T17:24:47.279Z] Checked if tokens are valid: true, expires at: 1780165428464
[debug] [2026-05-30T17:24:47.279Z] >>> [apiv2][query] GET https://cloudresourcemanager.googleapis.com/v1/projects/uatob-e7b4b [none]
[debug] [2026-05-30T17:24:47.370Z] <<< [apiv2][status] GET https://cloudresourcemanager.googleapis.com/v1/projects/uatob-e7b4b 200
[debug] [2026-05-30T17:24:47.370Z] <<< [apiv2][body] GET https://cloudresourcemanager.googleapis.com/v1/projects/uatob-e7b4b {"projectNumber":"714931905484","projectId":"uatob-e7b4b","lifecycleState":"ACTIVE","name":"Uatob","labels":{"firebase":"enabled","firebase-core":"disabled"},"createTime":"2026-03-29T14:39:16.148Z"}
[info] i  functions: preparing codebase default for deployment 
[info] i  functions: ensuring required API cloudfunctions.googleapis.com is enabled... 
[info] i  functions: ensuring required API cloudbuild.googleapis.com is enabled... 
[info] i  artifactregistry: ensuring required API artifactregistry.googleapis.com is enabled... 
[debug] [2026-05-30T17:24:47.375Z] Checked if tokens are valid: true, expires at: 1780165428464
[debug] [2026-05-30T17:24:47.375Z] Checked if tokens are valid: true, expires at: 1780165428464
[debug] [2026-05-30T17:24:47.375Z] >>> [apiv2][query] GET https://firebase.googleapis.com/v1beta1/projects/uatob-e7b4b/adminSdkConfig [none]
[debug] [2026-05-30T17:24:47.694Z] <<< [apiv2][status] GET https://firebase.googleapis.com/v1beta1/projects/uatob-e7b4b/adminSdkConfig 200
[debug] [2026-05-30T17:24:47.695Z] <<< [apiv2][body] GET https://firebase.googleapis.com/v1beta1/projects/uatob-e7b4b/adminSdkConfig {"projectId":"uatob-e7b4b","storageBucket":"uatob-e7b4b.firebasestorage.app"}
[debug] [2026-05-30T17:24:47.711Z] Validating nodejs source
[warn] !  functions: Couldn't find firebase-functions package in your source code. Have you run 'npm install'? 
[debug] [2026-05-30T17:24:47.713Z] getFunctionsSDKVersion encountered error: Cannot find module 'firebase-functions'
Require stack:
- C:\Users\UaTob\AppData\Roaming\npm\node_modules\firebase-tools\lib\deploy\functions\runtimes\node\versioning.js
- C:\Users\UaTob\AppData\Roaming\npm\node_modules\firebase-tools\lib\deploy\functions\runtimes\node\index.js
- C:\Users\UaTob\AppData\Roaming\npm\node_modules\firebase-tools\lib\deploy\functions\runtimes\index.js
- C:\Users\UaTob\AppData\Roaming\npm\node_modules\firebase-tools\lib\deploy\functions\prepare.js
- C:\Users\UaTob\AppData\Roaming\npm\node_modules\firebase-tools\lib\emulator\functionsEmulatorShared.js
- C:\Users\UaTob\AppData\Roaming\npm\node_modules\firebase-tools\lib\frameworks\index.js
- C:\Users\UaTob\AppData\Roaming\npm\node_modules\firebase-tools\lib\deploy\hosting\prepare.js
- C:\Users\UaTob\AppData\Roaming\npm\node_modules\firebase-tools\lib\deploy\hosting\index.js
- C:\Users\UaTob\AppData\Roaming\npm\node_modules\firebase-tools\lib\deploy\index.js
- C:\Users\UaTob\AppData\Roaming\npm\node_modules\firebase-tools\lib\commands\deploy.js
- C:\Users\UaTob\AppData\Roaming\npm\node_modules\firebase-tools\lib\commands\index.js
- C:\Users\UaTob\AppData\Roaming\npm\node_modules\firebase-tools\lib\index.js
- C:\Users\UaTob\AppData\Roaming\npm\node_modules\firebase-tools\lib\bin\cli.js
- C:\Users\UaTob\AppData\Roaming\npm\node_modules\firebase-tools\lib\bin\firebase.js {"code":"MODULE_NOT_FOUND","requireStack":["C:\\Users\\UaTob\\AppData\\Roaming\\npm\\node_modules\\firebase-tools\\lib\\deploy\\functions\\runtimes\\node\\versioning.js","C:\\Users\\UaTob\\AppData\\Roaming\\npm\\node_modules\\firebase-tools\\lib\\deploy\\functions\\runtimes\\node\\index.js","C:\\Users\\UaTob\\AppData\\Roaming\\npm\\node_modules\\firebase-tools\\lib\\deploy\\functions\\runtimes\\index.js","C:\\Users\\UaTob\\AppData\\Roaming\\npm\\node_modules\\firebase-tools\\lib\\deploy\\functions\\prepare.js","C:\\Users\\UaTob\\AppData\\Roaming\\npm\\node_modules\\firebase-tools\\lib\\emulator\\functionsEmulatorShared.js","C:\\Users\\UaTob\\AppData\\Roaming\\npm\\node_modules\\firebase-tools\\lib\\frameworks\\index.js","C:\\Users\\UaTob\\AppData\\Roaming\\npm\\node_modules\\firebase-tools\\lib\\deploy\\hosting\\prepare.js","C:\\Users\\UaTob\\AppData\\Roaming\\npm\\node_modules\\firebase-tools\\lib\\deploy\\hosting\\index.js","C:\\Users\\UaTob\\AppData\\Roaming\\npm\\node_modules\\firebase-tools\\lib\\deploy\\index.js","C:\\Users\\UaTob\\AppData\\Roaming\\npm\\node_modules\\firebase-tools\\lib\\commands\\deploy.js","C:\\Users\\UaTob\\AppData\\Roaming\\npm\\node_modules\\firebase-tools\\lib\\commands\\index.js","C:\\Users\\UaTob\\AppData\\Roaming\\npm\\node_modules\\firebase-tools\\lib\\index.js","C:\\Users\\UaTob\\AppData\\Roaming\\npm\\node_modules\\firebase-tools\\lib\\bin\\cli.js","C:\\Users\\UaTob\\AppData\\Roaming\\npm\\node_modules\\firebase-tools\\lib\\bin\\firebase.js"]}
[debug] [2026-05-30T17:24:47.714Z] checkFunctionsSDKVersion encountered error: Invalid Version:  {}
[debug] [2026-05-30T17:24:47.715Z] > [functions] package.json contents: {
  "name": "functions",
  "description": "Cloud Functions for Firebase",
  "scripts": {
    "serve": "firebase emulators:start --only functions",
    "shell": "firebase functions:shell",
    "start": "npm run shell",
    "deploy": "firebase deploy --only functions",
    "logs": "firebase functions:log"
  },
  "engines": {
    "node": "22"
  },
  "main": "index.js",
  "dependencies": {
    "@sendgrid/mail": "^8.1.6",
    "axios": "^1.14.0",
    "cors": "^2.8.6",
    "firebase-admin": "^10.3.0",
    "firebase-functions": "^4.9.0",
    "i": "^0.3.7",
    "stripe": "^12.18.0"
  },
  "devDependencies": {
    "firebase-functions-test": "^3.4.1"
  },
  "private": true
}
[debug] [2026-05-30T17:24:47.716Z] Building nodejs source
[info] i  functions: Loading and analyzing source code for codebase default to determine what to deploy 
[debug] [2026-05-30T17:24:47.717Z] Could not parse firebase-functions version '' into semver.
[debug] [2026-05-30T17:24:47.718Z] Could not find functions.yaml. Must use http discovery
[debug] [2026-05-30T17:24:47.897Z] Error: Cannot find module 'firebase-functions'
Require stack:
- C:\Users\UaTob\AppData\Roaming\npm\node_modules\firebase-tools\lib\deploy\functions\runtimes\node\index.js
- C:\Users\UaTob\AppData\Roaming\npm\node_modules\firebase-tools\lib\deploy\functions\runtimes\index.js
- C:\Users\UaTob\AppData\Roaming\npm\node_modules\firebase-tools\lib\deploy\functions\prepare.js
- C:\Users\UaTob\AppData\Roaming\npm\node_modules\firebase-tools\lib\emulator\functionsEmulatorShared.js
- C:\Users\UaTob\AppData\Roaming\npm\node_modules\firebase-tools\lib\frameworks\index.js
- C:\Users\UaTob\AppData\Roaming\npm\node_modules\firebase-tools\lib\deploy\hosting\prepare.js
- C:\Users\UaTob\AppData\Roaming\npm\node_modules\firebase-tools\lib\deploy\hosting\index.js
- C:\Users\UaTob\AppData\Roaming\npm\node_modules\firebase-tools\lib\deploy\index.js
- C:\Users\UaTob\AppData\Roaming\npm\node_modules\firebase-tools\lib\commands\deploy.js
- C:\Users\UaTob\AppData\Roaming\npm\node_modules\firebase-tools\lib\commands\index.js
- C:\Users\UaTob\AppData\Roaming\npm\node_modules\firebase-tools\lib\index.js
- C:\Users\UaTob\AppData\Roaming\npm\node_modules\firebase-tools\lib\bin\cli.js
- C:\Users\UaTob\AppData\Roaming\npm\node_modules\firebase-tools\lib\bin\firebase.js
    at Module._resolveFilename (node:internal/modules/cjs/loader:1456:15)
    at require.resolve (node:internal/modules/helpers:163:19)
    at Delegate.findFunctionsBinary (C:\Users\UaTob\AppData\Roaming\npm\node_modules\firebase-tools\lib\deploy\functions\runtimes\node\index.js:101:33)
    at Delegate.spawnFunctionsProcess (C:\Users\UaTob\AppData\Roaming\npm\node_modules\firebase-tools\lib\deploy\functions\runtimes\node\index.js:131:30)
    at Delegate.serveAdmin (C:\Users\UaTob\AppData\Roaming\npm\node_modules\firebase-tools\lib\deploy\functions\runtimes\node\index.js:152:35)
    at Delegate.discoverBuild (C:\Users\UaTob\AppData\Roaming\npm\node_modules\firebase-tools\lib\deploy\functions\runtimes\node\index.js:192:41)
    at process.processTicksAndRejections (node:internal/process/task_queues:104:5)
    at async loadCodebases (C:\Users\UaTob\AppData\Roaming\npm\node_modules\firebase-tools\lib\deploy\functions\prepare.js:380:33)
    at async prepare (C:\Users\UaTob\AppData\Roaming\npm\node_modules\firebase-tools\lib\deploy\functions\prepare.js:73:24)
    at async chain (C:\Users\UaTob\AppData\Roaming\npm\node_modules\firebase-tools\lib\deploy\index.js:45:9)
[error] 
[error] Error: An unexpected error has occurred.
