[debug] [2026-05-30T01:33:02.626Z] ----------------------------------------------------------------------
[debug] [2026-05-30T01:33:02.629Z] Command:       C:\Program Files\nodejs\node.exe C:\Users\UaTob\AppData\Roaming\npm\node_modules\firebase-tools\lib\bin\firebase.js deploy --only functions
[debug] [2026-05-30T01:33:02.630Z] CLI Version:   15.15.0
[debug] [2026-05-30T01:33:02.630Z] Platform:      win32
[debug] [2026-05-30T01:33:02.630Z] Node Version:  v24.14.0
[debug] [2026-05-30T01:33:02.630Z] Time:          Fri May 29 2026 21:33:02 GMT-0400 (Eastern Daylight Time)
[debug] [2026-05-30T01:33:02.630Z] ----------------------------------------------------------------------
[debug] 
[debug] [2026-05-30T01:33:04.584Z] > command requires scopes: ["email","openid","https://www.googleapis.com/auth/cloudplatformprojects.readonly","https://www.googleapis.com/auth/firebase","https://www.googleapis.com/auth/cloud-platform"]
[debug] [2026-05-30T01:33:04.585Z] > authorizing via signed-in user (support@calltelo.com)
[debug] [2026-05-30T01:33:04.585Z] [iam] checking project uatob-e7b4b for permissions ["cloudfunctions.functions.create","cloudfunctions.functions.delete","cloudfunctions.functions.get","cloudfunctions.functions.list","cloudfunctions.functions.update","cloudfunctions.operations.get","firebase.projects.get"]
[debug] [2026-05-30T01:33:04.587Z] Checked if tokens are valid: true, expires at: 1780107920265
[debug] [2026-05-30T01:33:04.587Z] Checked if tokens are valid: true, expires at: 1780107920265
[debug] [2026-05-30T01:33:04.588Z] >>> [apiv2][query] POST https://cloudresourcemanager.googleapis.com/v1/projects/uatob-e7b4b:testIamPermissions [none]
[debug] [2026-05-30T01:33:04.588Z] >>> [apiv2][(partial)header] POST https://cloudresourcemanager.googleapis.com/v1/projects/uatob-e7b4b:testIamPermissions  x-goog-user-project=uatob-e7b4b
[debug] [2026-05-30T01:33:04.588Z] >>> [apiv2][body] POST https://cloudresourcemanager.googleapis.com/v1/projects/uatob-e7b4b:testIamPermissions {"permissions":["cloudfunctions.functions.create","cloudfunctions.functions.delete","cloudfunctions.functions.get","cloudfunctions.functions.list","cloudfunctions.functions.update","cloudfunctions.operations.get","firebase.projects.get"]}
[debug] [2026-05-30T01:33:04.785Z] <<< [apiv2][status] POST https://cloudresourcemanager.googleapis.com/v1/projects/uatob-e7b4b:testIamPermissions 200
[debug] [2026-05-30T01:33:04.785Z] <<< [apiv2][body] POST https://cloudresourcemanager.googleapis.com/v1/projects/uatob-e7b4b:testIamPermissions {"permissions":["cloudfunctions.functions.create","cloudfunctions.functions.delete","cloudfunctions.functions.get","cloudfunctions.functions.list","cloudfunctions.functions.update","cloudfunctions.operations.get","firebase.projects.get"]}
[debug] [2026-05-30T01:33:04.786Z] Checked if tokens are valid: true, expires at: 1780107920265
[debug] [2026-05-30T01:33:04.786Z] Checked if tokens are valid: true, expires at: 1780107920265
[debug] [2026-05-30T01:33:04.786Z] >>> [apiv2][query] POST https://iam.googleapis.com/v1/projects/uatob-e7b4b/serviceAccounts/uatob-e7b4b@appspot.gserviceaccount.com:testIamPermissions [none]
[debug] [2026-05-30T01:33:04.786Z] >>> [apiv2][body] POST https://iam.googleapis.com/v1/projects/uatob-e7b4b/serviceAccounts/uatob-e7b4b@appspot.gserviceaccount.com:testIamPermissions {"permissions":["iam.serviceAccounts.actAs"]}
